<?xml version="1.0" encoding="UTF-8"?>
<!-- Generated by org.testng.reporters.JUnitXMLReporter -->
<testsuite ignored="0" hostname="HP-Pavilion-15" failures="1" tests="2" name="Default test" time="9.664" errors="0" timestamp="2025-09-07T23:37:43 IST">
  <testcase classname="io.cucumber.testng.AbstractTestNGCucumberTests" name="runScenario" time="3.287"/>
  <testcase classname="io.cucumber.testng.AbstractTestNGCucumberTests" name="runScenario" time="5.813">
    <failure type="org.openqa.selenium.ElementClickInterceptedException" message="element click intercepted: Element &amp;lt;input class=&amp;quot;m-login__input&amp;quot; type=&amp;quot;text&amp;quot; value=&amp;quot;&amp;quot; id=&amp;quot;emailOrMobile&amp;quot; name=&amp;quot;emailOrMobile&amp;quot; maxlength=&amp;quot;100&amp;quot; autocomplete=&amp;quot;off&amp;quot; required=&amp;quot;required&amp;quot; onkeypress=&amp;quot;detectEnterKey(event, validateLoginStep1);&amp;quot;&amp;gt; is not clickable at point (1003, 287). Other element would receive the click: &amp;lt;label class=&amp;quot;m-login__label active&amp;quot; for=&amp;quot;emailOrMobile&amp;quot; id=&amp;quot;emailOrMobileLable&amp;quot;&amp;gt;...&amp;lt;/label&amp;gt;
  (Session info: chrome=140.0.7339.80)
Build info: version: &amp;apos;4.34.0&amp;apos;, revision: &amp;apos;707dcb4246*&amp;apos;
System info: os.name: &amp;apos;Windows 11&amp;apos;, os.arch: &amp;apos;amd64&amp;apos;, os.version: &amp;apos;10.0&amp;apos;, java.version: &amp;apos;21.0.7&amp;apos;
Driver info: org.openqa.selenium.chrome.ChromeDriver
Command: [efa05b7349bc4cae8c2aad621ef713bb, clickElement {id=f.5A52D2F2BA251296FC8A496F9B488BF8.d.8794F996E5751A596DC42E5FF5AE8391.e.8923}]
Capabilities {acceptInsecureCerts: false, browserName: chrome, browserVersion: 140.0.7339.80, chrome: {chromedriverVersion: 140.0.7339.80 (670b6f192f46..., userDataDir: C:\Users\gopik\AppData\Loca...}, fedcm:accounts: true, goog:chromeOptions: {debuggerAddress: localhost:56211}, networkConnectionEnabled: false, pageLoadStrategy: normal, platformName: windows, proxy: Proxy(), se:cdp: ws://localhost:56211/devtoo..., se:cdpVersion: 140.0.7339.80, setWindowRect: true, strictFileInteractability: false, timeouts: {implicit: 0, pageLoad: 300000, script: 30000}, unhandledPromptBehavior: dismiss and notify, webauthn:extension:credBlob: true, webauthn:extension:largeBlob: true, webauthn:extension:minPinLength: true, webauthn:extension:prf: true, webauthn:virtualAuthenticators: true}
Element: [[ChromeDriver: chrome on windows (efa05b7349bc4cae8c2aad621ef713bb)] -&amp;gt; xpath: //*[@id=&amp;quot;emailOrMobile&amp;quot;]]
Session ID: efa05b7349bc4cae8c2aad621ef713bb">
      <![CDATA[org.openqa.selenium.ElementClickInterceptedException: element click intercepted: Element <input class="m-login__input" type="text" value="" id="emailOrMobile" name="emailOrMobile" maxlength="100" autocomplete="off" required="required" onkeypress="detectEnterKey(event, validateLoginStep1);"> is not clickable at point (1003, 287). Other element would receive the click: <label class="m-login__label active" for="emailOrMobile" id="emailOrMobileLable">...</label>
  (Session info: chrome=140.0.7339.80)
Build info: version: '4.34.0', revision: '707dcb4246*'
System info: os.name: 'Windows 11', os.arch: 'amd64', os.version: '10.0', java.version: '21.0.7'
Driver info: org.openqa.selenium.chrome.ChromeDriver
Command: [efa05b7349bc4cae8c2aad621ef713bb, clickElement {id=f.5A52D2F2BA251296FC8A496F9B488BF8.d.8794F996E5751A596DC42E5FF5AE8391.e.8923}]
Capabilities {acceptInsecureCerts: false, browserName: chrome, browserVersion: 140.0.7339.80, chrome: {chromedriverVersion: 140.0.7339.80 (670b6f192f46..., userDataDir: C:\Users\gopik\AppData\Loca...}, fedcm:accounts: true, goog:chromeOptions: {debuggerAddress: localhost:56211}, networkConnectionEnabled: false, pageLoadStrategy: normal, platformName: windows, proxy: Proxy(), se:cdp: ws://localhost:56211/devtoo..., se:cdpVersion: 140.0.7339.80, setWindowRect: true, strictFileInteractability: false, timeouts: {implicit: 0, pageLoad: 300000, script: 30000}, unhandledPromptBehavior: dismiss and notify, webauthn:extension:credBlob: true, webauthn:extension:largeBlob: true, webauthn:extension:minPinLength: true, webauthn:extension:prf: true, webauthn:virtualAuthenticators: true}
Element: [[ChromeDriver: chrome on windows (efa05b7349bc4cae8c2aad621ef713bb)] -> xpath: //*[@id="emailOrMobile"]]
Session ID: efa05b7349bc4cae8c2aad621ef713bb
at java.base/jdk.internal.reflect.DirectConstructorHandleAccessor.newInstance(DirectConstructorHandleAccessor.java:62)
at java.base/java.lang.reflect.Constructor.newInstanceWithCaller(Constructor.java:502)
at java.base/java.lang.reflect.Constructor.newInstance(Constructor.java:486)
at org.openqa.selenium.remote.ErrorCodec.decode(ErrorCodec.java:167)
at org.openqa.selenium.remote.codec.w3c.W3CHttpResponseCodec.decode(W3CHttpResponseCodec.java:138)
at org.openqa.selenium.remote.codec.w3c.W3CHttpResponseCodec.decode(W3CHttpResponseCodec.java:50)
at org.openqa.selenium.remote.HttpCommandExecutor.execute(HttpCommandExecutor.java:215)
at org.openqa.selenium.remote.service.DriverCommandExecutor.invokeExecute(DriverCommandExecutor.java:216)
at org.openqa.selenium.remote.service.DriverCommandExecutor.execute(DriverCommandExecutor.java:174)
at org.openqa.selenium.remote.RemoteWebDriver.execute(RemoteWebDriver.java:544)
at org.openqa.selenium.remote.RemoteWebElement.execute(RemoteWebElement.java:223)
at org.openqa.selenium.remote.RemoteWebElement.click(RemoteWebElement.java:76)
at com.Pages.LoginPage.clickphonenumber(LoginPage.java:40)
at com.stepDefinition.Profile.i_am_redirected_to_the_login_page_and_click_on_phonenumber(Profile.java:29)
at ✽.I am redirected to the login page and click on phonenumber(file:///C:/Users/gopik/OneDrive/Desktop/Testing_cg/MagicBricks_Testing/src/test/resources/Features/Profile.feature:7)
]]>
    </failure>
  </testcase> <!-- runScenario -->
</testsuite> <!-- Default test -->
