<?xml version="1.0" encoding="UTF-8"?>
<testng-results ignored="0" total="2" passed="1" failed="1" skipped="0">
  <reporter-output>
  </reporter-output>
  <suite started-at="2025-09-07T23:37:33 IST" name="Default suite" finished-at="2025-09-07T23:37:43 IST" duration-ms="9664">
    <groups>
      <group name="cucumber">
        <method signature="AbstractTestNGCucumberTests.runScenario(io.cucumber.testng.PickleWrapper,io.cucumber.testng.FeatureWrapper)[pri:0, instance:com.runner.TestRunnerTestNG@24313fcc]" name="runScenario" class="io.cucumber.testng.AbstractTestNGCucumberTests"/>
      </group> <!-- cucumber -->
    </groups>
    <test started-at="2025-09-07T23:37:33 IST" name="Default test" finished-at="2025-09-07T23:37:43 IST" duration-ms="9664">
      <class name="com.runner.TestRunnerTestNG">
        <test-method is-config="true" signature="setUpClass(org.testng.ITestContext)[pri:0, instance:com.runner.TestRunnerTestNG@24313fcc]" started-at="2025-09-07T23:37:33 IST" name="setUpClass" finished-at="2025-09-07T23:37:33 IST" duration-ms="490" status="PASS">
          <params>
            <param index="0">
              <value>
                <![CDATA[org.testng.TestRunner@730e5763]]>
              </value>
            </param>
          </params>
          <reporter-output>
          </reporter-output>
        </test-method> <!-- setUpClass -->
        <test-method signature="runScenario(io.cucumber.testng.PickleWrapper,io.cucumber.testng.FeatureWrapper)[pri:0, instance:com.runner.TestRunnerTestNG@24313fcc]" started-at="2025-09-07T23:37:33 IST" name="runScenario" description="Runs Cucumber Scenarios" data-provider="scenarios" finished-at="2025-09-07T23:37:37 IST" duration-ms="3287" status="PASS">
          <params>
            <param index="0">
              <value>
                <![CDATA["Get the details of the property and owner successfully"]]>
              </value>
            </param>
            <param index="1">
              <value>
                <![CDATA["Test Buying a property"]]>
              </value>
            </param>
          </params>
          <reporter-output>
          </reporter-output>
        </test-method> <!-- runScenario -->
        <test-method signature="runScenario(io.cucumber.testng.PickleWrapper,io.cucumber.testng.FeatureWrapper)[pri:0, instance:com.runner.TestRunnerTestNG@24313fcc]" started-at="2025-09-07T23:37:37 IST" name="runScenario" description="Runs Cucumber Scenarios" data-provider="scenarios" finished-at="2025-09-07T23:37:43 IST" duration-ms="5813" status="FAIL">
          <params>
            <param index="0">
              <value>
                <![CDATA["Valid user login successfully"]]>
              </value>
            </param>
            <param index="1">
              <value>
                <![CDATA["Test Buying a property"]]>
              </value>
            </param>
          </params>
          <exception class="org.openqa.selenium.ElementClickInterceptedException">
            <message>
              <![CDATA[element click intercepted: Element <input class="m-login__input" type="text" value="" id="emailOrMobile" name="emailOrMobile" maxlength="100" autocomplete="off" required="required" onkeypress="detectEnterKey(event, validateLoginStep1);"> is not clickable at point (1003, 287). Other element would receive the click: <label class="m-login__label active" for="emailOrMobile" id="emailOrMobileLable">...</label>
  (Session info: chrome=140.0.7339.80)
Build info: version: '4.34.0', revision: '707dcb4246*'
System info: os.name: 'Windows 11', os.arch: 'amd64', os.version: '10.0', java.version: '21.0.7'
Driver info: org.openqa.selenium.chrome.ChromeDriver
Command: [efa05b7349bc4cae8c2aad621ef713bb, clickElement {id=f.5A52D2F2BA251296FC8A496F9B488BF8.d.8794F996E5751A596DC42E5FF5AE8391.e.8923}]
Capabilities {acceptInsecureCerts: false, browserName: chrome, browserVersion: 140.0.7339.80, chrome: {chromedriverVersion: 140.0.7339.80 (670b6f192f46..., userDataDir: C:\Users\gopik\AppData\Loca...}, fedcm:accounts: true, goog:chromeOptions: {debuggerAddress: localhost:56211}, networkConnectionEnabled: false, pageLoadStrategy: normal, platformName: windows, proxy: Proxy(), se:cdp: ws://localhost:56211/devtoo..., se:cdpVersion: 140.0.7339.80, setWindowRect: true, strictFileInteractability: false, timeouts: {implicit: 0, pageLoad: 300000, script: 30000}, unhandledPromptBehavior: dismiss and notify, webauthn:extension:credBlob: true, webauthn:extension:largeBlob: true, webauthn:extension:minPinLength: true, webauthn:extension:prf: true, webauthn:virtualAuthenticators: true}
Element: [[ChromeDriver: chrome on windows (efa05b7349bc4cae8c2aad621ef713bb)] -> xpath: //*[@id="emailOrMobile"]]
Session ID: efa05b7349bc4cae8c2aad621ef713bb]]>
            </message>
            <full-stacktrace>
              <![CDATA[org.openqa.selenium.ElementClickInterceptedException: element click intercepted: Element <input class="m-login__input" type="text" value="" id="emailOrMobile" name="emailOrMobile" maxlength="100" autocomplete="off" required="required" onkeypress="detectEnterKey(event, validateLoginStep1);"> is not clickable at point (1003, 287). Other element would receive the click: <label class="m-login__label active" for="emailOrMobile" id="emailOrMobileLable">...</label>
  (Session info: chrome=140.0.7339.80)
Build info: version: '4.34.0', revision: '707dcb4246*'
System info: os.name: 'Windows 11', os.arch: 'amd64', os.version: '10.0', java.version: '21.0.7'
Driver info: org.openqa.selenium.chrome.ChromeDriver
Command: [efa05b7349bc4cae8c2aad621ef713bb, clickElement {id=f.5A52D2F2BA251296FC8A496F9B488BF8.d.8794F996E5751A596DC42E5FF5AE8391.e.8923}]
Capabilities {acceptInsecureCerts: false, browserName: chrome, browserVersion: 140.0.7339.80, chrome: {chromedriverVersion: 140.0.7339.80 (670b6f192f46..., userDataDir: C:\Users\gopik\AppData\Loca...}, fedcm:accounts: true, goog:chromeOptions: {debuggerAddress: localhost:56211}, networkConnectionEnabled: false, pageLoadStrategy: normal, platformName: windows, proxy: Proxy(), se:cdp: ws://localhost:56211/devtoo..., se:cdpVersion: 140.0.7339.80, setWindowRect: true, strictFileInteractability: false, timeouts: {implicit: 0, pageLoad: 300000, script: 30000}, unhandledPromptBehavior: dismiss and notify, webauthn:extension:credBlob: true, webauthn:extension:largeBlob: true, webauthn:extension:minPinLength: true, webauthn:extension:prf: true, webauthn:virtualAuthenticators: true}
Element: [[ChromeDriver: chrome on windows (efa05b7349bc4cae8c2aad621ef713bb)] -> xpath: //*[@id="emailOrMobile"]]
Session ID: efa05b7349bc4cae8c2aad621ef713bb
at java.base/jdk.internal.reflect.DirectConstructorHandleAccessor.newInstance(DirectConstructorHandleAccessor.java:62)
at java.base/java.lang.reflect.Constructor.newInstanceWithCaller(Constructor.java:502)
at java.base/java.lang.reflect.Constructor.newInstance(Constructor.java:486)
at org.openqa.selenium.remote.ErrorCodec.decode(ErrorCodec.java:167)
at org.openqa.selenium.remote.codec.w3c.W3CHttpResponseCodec.decode(W3CHttpResponseCodec.java:138)
at org.openqa.selenium.remote.codec.w3c.W3CHttpResponseCodec.decode(W3CHttpResponseCodec.java:50)
at org.openqa.selenium.remote.HttpCommandExecutor.execute(HttpCommandExecutor.java:215)
at org.openqa.selenium.remote.service.DriverCommandExecutor.invokeExecute(DriverCommandExecutor.java:216)
at org.openqa.selenium.remote.service.DriverCommandExecutor.execute(DriverCommandExecutor.java:174)
at org.openqa.selenium.remote.RemoteWebDriver.execute(RemoteWebDriver.java:544)
at org.openqa.selenium.remote.RemoteWebElement.execute(RemoteWebElement.java:223)
at org.openqa.selenium.remote.RemoteWebElement.click(RemoteWebElement.java:76)
at com.Pages.LoginPage.clickphonenumber(LoginPage.java:40)
at com.stepDefinition.Profile.i_am_redirected_to_the_login_page_and_click_on_phonenumber(Profile.java:29)
at ✽.I am redirected to the login page and click on phonenumber(file:///C:/Users/gopik/OneDrive/Desktop/Testing_cg/MagicBricks_Testing/src/test/resources/Features/Profile.feature:7)
]]>
            </full-stacktrace>
          </exception> <!-- org.openqa.selenium.ElementClickInterceptedException -->
          <reporter-output>
          </reporter-output>
        </test-method> <!-- runScenario -->
        <test-method is-config="true" signature="tearDownClass()[pri:0, instance:com.runner.TestRunnerTestNG@24313fcc]" started-at="2025-09-07T23:37:43 IST" name="tearDownClass" finished-at="2025-09-07T23:37:43 IST" duration-ms="37" status="PASS">
          <reporter-output>
          </reporter-output>
        </test-method> <!-- tearDownClass -->
      </class> <!-- com.runner.TestRunnerTestNG -->
    </test> <!-- Default test -->
  </suite> <!-- Default suite -->
</testng-results>
