<?xml version="1.0" encoding="UTF-8"?>
<!-- Generated by org.testng.reporters.JUnitReportReporter -->
<testsuite hostname="HP-Pavilion-15" failures="1" tests="5" name="com.runner.TestRunnerTestNG" time="137.296" errors="0" timestamp="2025-09-11T10:30:28 IST" skipped="0">
  <testcase classname="com.runner.TestRunnerTestNG" name="runScenario" time="6.660"/>
  <testcase classname="com.runner.TestRunnerTestNG" name="runScenario" time="3.275"/>
  <testcase classname="com.runner.TestRunnerTestNG" name="runScenario" time="0.146"/>
  <testcase classname="com.runner.TestRunnerTestNG" name="runScenario" time="25.397">
    <failure message="Failed to click photos. expected [true] but found [false]" type="java.lang.AssertionError">
      <![CDATA[java.lang.AssertionError: Failed to click photos. expected [true] but found [false]
at org.testng.Assert.fail(Assert.java:111)
at org.testng.Assert.failNotEquals(Assert.java:1590)
at org.testng.Assert.assertTrue(Assert.java:57)
at com.stepDefinition.shortlistpropDetails.I_click_on_photos_for_viewing_and_I_click_back_arrow_to_navigate_back(shortlistpropDetails.java:32)
at ✽.I click on photos for viewing and I click back arrow to navigate back(file:///C:/Users/gopik/OneDrive/Desktop/Testing_cg/MagicBricks_Testing/src/test/resources/Features/shortlistpropDetails.feature:6)
]]>
    </failure>
  </testcase> <!-- runScenario -->
  <testcase classname="com.runner.TestRunnerTestNG" name="runScenario" time="101.818"/>
</testsuite> <!-- com.runner.TestRunnerTestNG -->
